Arguments: 
  C:\Program Files\nodejs\node.exe C:\Users\RANDY\AppData\Roaming\npm\node_modules\yarn\bin\yarn.js install

PATH: 
  C:\Program Files\Amazon Corretto\jdk11.0.11_9\bin;C:\WINDOWS\system32;C:\WINDOWS;C:\WINDOWS\System32\Wbem;C:\WINDOWS\System32\WindowsPowerShell\v1.0\;C:\WINDOWS\System32\OpenSSH\;C:\Program Files\nodejs\;C:\ProgramData\chocolatey\bin;C:\Program Files\Git\cmd;C:\Users\RANDY\AppData\Local\Programs\Python\Python39\Scripts\;C:\Users\RANDY\AppData\Local\Programs\Python\Python39\;C:\Users\RANDY\AppData\Local\Microsoft\WindowsApps;C:\Users\RANDY\AppData\Local\Programs\Microsoft VS Code\bin;C:\Users\RANDY\AppData\Roaming\npm;C:\Users\RANDY\AppData\Local\GitHubDesktop\bin;C:\Program Files\heroku\bin;

Yarn version: 
  1.22.10

Node version: 
  14.15.0

Platform: 
  win32 x64

Trace: 
  Error: getaddrinfo ENOTFOUND registry.yarnpkg.com
      at GetAddrInfoReqWrap.onlookup [as oncomplete] (dns.js:67:26)

npm manifest: 
  {
    "main": "node_modules/expo/AppEntry.js",
    "scripts": {
      "start": "expo start",
      "android": "expo start --android",
      "ios": "expo start --ios",
      "web": "expo start --web",
      "eject": "expo eject"
    },
    "dependencies": {
      "@react-native-community/masked-view": "^0.1.10",
      "@react-navigation/native": "^5.9.2",
      "@react-navigation/stack": "^5.14.2",
      "expo": "~40.0.0",
      "expo-status-bar": "~1.0.3",
      "firebase": "7.9.0",
      "react": "16.13.1",
      "react-dom": "16.13.1",
      "react-native": "https://github.com/expo/react-native/archive/sdk-40.0.1.tar.gz",
      "react-native-elements": "^3.2.0",
      "react-native-gesture-handler": "^1.10.1",
      "react-native-reanimated": "^1.13.2",
      "react-native-safe-area-context": "^3.1.9",
      "react-native-screens": "^2.17.1",
      "react-native-web": "~0.13.12"
    },
    "devDependencies": {
      "@babel/core": "~7.9.0"
    },
    "private": true
  }

yarn manifest: 
  No manifest

Lockfile: 
  No lockfile
